2023-06-28 17:06:14,335 INFO o.a.j.u.JMeterUtils: Setting Locale to en_EN
2023-06-28 17:06:14,344 INFO o.a.j.JMeter: Loading user properties from: user.properties
2023-06-28 17:06:14,344 INFO o.a.j.JMeter: Loading system properties from: system.properties
2023-06-28 17:06:14,352 INFO o.a.j.JMeter: Copyright (c) 1998-2023 The Apache Software Foundation
2023-06-28 17:06:14,352 INFO o.a.j.JMeter: Version 5.6
2023-06-28 17:06:14,352 INFO o.a.j.JMeter: java.version=1.8.0_202
2023-06-28 17:06:14,352 INFO o.a.j.JMeter: java.vm.name=Java HotSpot(TM) 64-Bit Server VM
2023-06-28 17:06:14,352 INFO o.a.j.JMeter: os.name=Windows 10
2023-06-28 17:06:14,352 INFO o.a.j.JMeter: os.arch=amd64
2023-06-28 17:06:14,352 INFO o.a.j.JMeter: os.version=10.0
2023-06-28 17:06:14,352 INFO o.a.j.JMeter: file.encoding=Cp1252
2023-06-28 17:06:14,352 INFO o.a.j.JMeter: java.awt.headless=null
2023-06-28 17:06:14,352 INFO o.a.j.JMeter: Max memory     =1073741824
2023-06-28 17:06:14,353 INFO o.a.j.JMeter: Available Processors =12
2023-06-28 17:06:14,358 INFO o.a.j.JMeter: Default Locale=English (EN)
2023-06-28 17:06:14,359 INFO o.a.j.JMeter: JMeter  Locale=English (EN)
2023-06-28 17:06:14,359 INFO o.a.j.JMeter: JMeterHome=D:\microservices-tutorial-series\apache-jmeter-5.6
2023-06-28 17:06:14,359 INFO o.a.j.JMeter: user.dir  =D:\microservices-tutorial-series\apache-jmeter-5.6\bin
2023-06-28 17:06:14,359 INFO o.a.j.JMeter: PWD       =D:\microservices-tutorial-series\apache-jmeter-5.6\bin
2023-06-28 17:06:14,360 INFO o.a.j.JMeter: IP: 192.168.66.17 Name: WLL229F6 FullName: WLL229F6.tfcorp.com
2023-06-28 17:06:14,371 INFO o.a.j.JMeter: Loaded icon properties from org/apache/jmeter/images/icon.properties
2023-06-28 17:06:14,542 INFO o.a.j.JMeterGuiLauncher: Setting LAF to: com.github.weisj.darklaf.DarkLaf:com.github.weisj.darklaf.theme.DarculaTheme
2023-06-28 17:08:50,603 INFO o.a.j.s.FileServer: Default base='D:\microservices-tutorial-series\apache-jmeter-5.6\bin'
2023-06-28 17:09:28,576 INFO o.a.j.p.h.s.HTTPSamplerBase: Parser for text/html is org.apache.jmeter.protocol.http.parser.LagartoBasedHtmlParser
2023-06-28 17:09:28,576 INFO o.a.j.p.h.s.HTTPSamplerBase: Parser for application/xhtml+xml is org.apache.jmeter.protocol.http.parser.LagartoBasedHtmlParser
2023-06-28 17:09:28,577 INFO o.a.j.p.h.s.HTTPSamplerBase: Parser for application/xml is org.apache.jmeter.protocol.http.parser.LagartoBasedHtmlParser
2023-06-28 17:09:28,577 INFO o.a.j.p.h.s.HTTPSamplerBase: Parser for text/xml is org.apache.jmeter.protocol.http.parser.LagartoBasedHtmlParser
2023-06-28 17:09:28,577 INFO o.a.j.p.h.s.HTTPSamplerBase: Parser for text/vnd.wap.wml is org.apache.jmeter.protocol.http.parser.RegexpHTMLParser
2023-06-28 17:09:28,577 INFO o.a.j.p.h.s.HTTPSamplerBase: Parser for text/css is org.apache.jmeter.protocol.http.parser.CssParser
2023-06-28 17:11:08,916 INFO o.a.j.s.SampleResult: Note: Sample TimeStamps are START times
2023-06-28 17:11:08,916 INFO o.a.j.s.SampleResult: sampleresult.default.encoding is set to ISO-8859-1
2023-06-28 17:11:08,916 INFO o.a.j.s.SampleResult: sampleresult.useNanoTime=true
2023-06-28 17:11:08,916 INFO o.a.j.s.SampleResult: sampleresult.nanoThreadSleep=5000
2023-06-28 17:11:20,519 INFO o.a.j.s.FileServer: Set new base='D:\microservices-tutorial-series\apache-jmeter-5.6\bin'
2023-06-28 17:11:20,662 INFO o.a.j.s.SaveService: Testplan (JMX) version: 2.2. Testlog (JTL) version: 2.2
2023-06-28 17:11:20,685 INFO o.a.j.s.SaveService: Using SaveService properties file encoding UTF-8
2023-06-28 17:11:20,685 INFO o.a.j.s.SaveService: Using SaveService properties version 5.0
2023-06-28 17:11:20,710 INFO o.a.j.e.StandardJMeterEngine: Running the test!
2023-06-28 17:11:20,710 INFO o.a.j.s.SampleEvent: List of sample_variables: []
2023-06-28 17:11:20,710 INFO o.a.j.s.SampleEvent: List of sample_variables: []
2023-06-28 17:11:20,710 INFO o.a.j.e.u.CompoundVariable: Note: Function class names must contain the string: '.functions.'
2023-06-28 17:11:20,710 INFO o.a.j.e.u.CompoundVariable: Note: Function class names must not contain the string: '.gui.'
2023-06-28 17:11:20,967 INFO o.a.j.g.u.JMeterMenuBar: setRunning(true, *local*)
2023-06-28 17:11:21,062 INFO o.a.j.e.StandardJMeterEngine: Starting ThreadGroup: 1 : Thread Group
2023-06-28 17:11:21,062 INFO o.a.j.e.StandardJMeterEngine: Starting 15 threads for group Thread Group.
2023-06-28 17:11:21,062 INFO o.a.j.e.StandardJMeterEngine: Thread will continue on error
2023-06-28 17:11:21,062 INFO o.a.j.t.ThreadGroup: Starting thread group... number=1 threads=15 ramp-up=1 delayedStart=false
2023-06-28 17:11:21,093 INFO o.a.j.t.ThreadGroup: Started thread group number 1
2023-06-28 17:11:21,111 INFO o.a.j.e.StandardJMeterEngine: All thread groups have been started
2023-06-28 17:11:21,111 INFO o.a.j.t.JMeterThread: Thread started: Thread Group 1-1
2023-06-28 17:11:21,131 INFO o.a.j.p.h.s.HTTPHCAbstractImpl: Local host = WLL229F6
2023-06-28 17:11:21,138 INFO o.a.j.p.h.s.HTTPHC4Impl: HTTP request retry count = 0
2023-06-28 17:11:21,178 INFO o.a.j.t.JMeterThread: Thread started: Thread Group 1-2
2023-06-28 17:11:21,245 INFO o.a.j.t.JMeterThread: Thread started: Thread Group 1-3
2023-06-28 17:11:21,296 INFO o.a.j.t.JMeterThread: Thread started: Thread Group 1-4
2023-06-28 17:11:21,363 INFO o.a.j.t.JMeterThread: Thread started: Thread Group 1-5
2023-06-28 17:11:21,407 INFO o.a.j.t.JMeterThread: Thread is done: Thread Group 1-1
2023-06-28 17:11:21,407 INFO o.a.j.t.JMeterThread: Thread finished: Thread Group 1-1
2023-06-28 17:11:21,415 INFO o.a.j.t.JMeterThread: Thread is done: Thread Group 1-3
2023-06-28 17:11:21,415 INFO o.a.j.t.JMeterThread: Thread finished: Thread Group 1-3
2023-06-28 17:11:21,418 INFO o.a.j.t.JMeterThread: Thread is done: Thread Group 1-2
2023-06-28 17:11:21,418 INFO o.a.j.t.JMeterThread: Thread finished: Thread Group 1-2
2023-06-28 17:11:21,428 INFO o.a.j.t.JMeterThread: Thread is done: Thread Group 1-4
2023-06-28 17:11:21,428 INFO o.a.j.t.JMeterThread: Thread finished: Thread Group 1-4
2023-06-28 17:11:21,430 INFO o.a.j.t.JMeterThread: Thread started: Thread Group 1-6
2023-06-28 17:11:21,435 INFO o.a.j.t.JMeterThread: Thread is done: Thread Group 1-5
2023-06-28 17:11:21,435 INFO o.a.j.t.JMeterThread: Thread finished: Thread Group 1-5
2023-06-28 17:11:21,478 INFO o.a.j.t.JMeterThread: Thread is done: Thread Group 1-6
2023-06-28 17:11:21,478 INFO o.a.j.t.JMeterThread: Thread finished: Thread Group 1-6
2023-06-28 17:11:21,497 INFO o.a.j.t.JMeterThread: Thread started: Thread Group 1-7
2023-06-28 17:11:21,553 INFO o.a.j.t.JMeterThread: Thread is done: Thread Group 1-7
2023-06-28 17:11:21,553 INFO o.a.j.t.JMeterThread: Thread finished: Thread Group 1-7
2023-06-28 17:11:21,564 INFO o.a.j.t.JMeterThread: Thread started: Thread Group 1-8
2023-06-28 17:11:21,629 INFO o.a.j.t.JMeterThread: Thread is done: Thread Group 1-8
2023-06-28 17:11:21,629 INFO o.a.j.t.JMeterThread: Thread finished: Thread Group 1-8
2023-06-28 17:11:21,631 INFO o.a.j.t.JMeterThread: Thread started: Thread Group 1-9
2023-06-28 17:11:21,683 INFO o.a.j.t.JMeterThread: Thread started: Thread Group 1-10
2023-06-28 17:11:21,689 INFO o.a.j.t.JMeterThread: Thread is done: Thread Group 1-9
2023-06-28 17:11:21,689 INFO o.a.j.t.JMeterThread: Thread finished: Thread Group 1-9
2023-06-28 17:11:21,740 INFO o.a.j.t.JMeterThread: Thread is done: Thread Group 1-10
2023-06-28 17:11:21,740 INFO o.a.j.t.JMeterThread: Thread finished: Thread Group 1-10
2023-06-28 17:11:21,750 INFO o.a.j.t.JMeterThread: Thread started: Thread Group 1-11
2023-06-28 17:11:21,817 INFO o.a.j.t.JMeterThread: Thread started: Thread Group 1-12
2023-06-28 17:11:21,870 INFO o.a.j.t.JMeterThread: Thread is done: Thread Group 1-11
2023-06-28 17:11:21,870 INFO o.a.j.t.JMeterThread: Thread finished: Thread Group 1-11
2023-06-28 17:11:21,884 INFO o.a.j.t.JMeterThread: Thread started: Thread Group 1-13
2023-06-28 17:11:21,904 INFO o.a.j.t.JMeterThread: Thread is done: Thread Group 1-12
2023-06-28 17:11:21,904 INFO o.a.j.t.JMeterThread: Thread finished: Thread Group 1-12
2023-06-28 17:11:21,951 INFO o.a.j.t.JMeterThread: Thread started: Thread Group 1-14
2023-06-28 17:11:21,970 INFO o.a.j.t.JMeterThread: Thread is done: Thread Group 1-13
2023-06-28 17:11:21,970 INFO o.a.j.t.JMeterThread: Thread finished: Thread Group 1-13
2023-06-28 17:11:22,018 INFO o.a.j.t.JMeterThread: Thread started: Thread Group 1-15
2023-06-28 17:11:22,022 INFO o.a.j.t.JMeterThread: Thread is done: Thread Group 1-14
2023-06-28 17:11:22,022 INFO o.a.j.t.JMeterThread: Thread finished: Thread Group 1-14
2023-06-28 17:11:22,077 INFO o.a.j.t.JMeterThread: Thread is done: Thread Group 1-15
2023-06-28 17:11:22,077 INFO o.a.j.t.JMeterThread: Thread finished: Thread Group 1-15
2023-06-28 17:11:22,077 INFO o.a.j.e.StandardJMeterEngine: Notifying test listeners of end of test
2023-06-28 17:11:22,077 INFO o.a.j.g.u.JMeterMenuBar: setRunning(false, *local*)
2023-06-28 17:14:02,846 INFO o.a.j.e.StandardJMeterEngine: Running the test!
2023-06-28 17:14:02,846 INFO o.a.j.s.SampleEvent: List of sample_variables: []
2023-06-28 17:14:02,849 INFO o.a.j.g.u.JMeterMenuBar: setRunning(true, *local*)
2023-06-28 17:14:02,917 INFO o.a.j.e.StandardJMeterEngine: Starting ThreadGroup: 1 : Thread Group
2023-06-28 17:14:02,917 INFO o.a.j.e.StandardJMeterEngine: Starting 15 threads for group Thread Group.
2023-06-28 17:14:02,917 INFO o.a.j.e.StandardJMeterEngine: Thread will continue on error
2023-06-28 17:14:02,917 INFO o.a.j.t.ThreadGroup: Starting thread group... number=1 threads=15 ramp-up=1 delayedStart=false
2023-06-28 17:14:02,927 INFO o.a.j.t.JMeterThread: Thread started: Thread Group 1-1
2023-06-28 17:14:02,932 INFO o.a.j.t.ThreadGroup: Started thread group number 1
2023-06-28 17:14:02,935 INFO o.a.j.e.StandardJMeterEngine: All thread groups have been started
2023-06-28 17:14:02,999 INFO o.a.j.t.JMeterThread: Thread started: Thread Group 1-2
2023-06-28 17:14:03,025 INFO o.a.j.t.JMeterThread: Thread is done: Thread Group 1-1
2023-06-28 17:14:03,025 INFO o.a.j.t.JMeterThread: Thread finished: Thread Group 1-1
2023-06-28 17:14:03,061 INFO o.a.j.t.JMeterThread: Thread started: Thread Group 1-3
2023-06-28 17:14:03,080 INFO o.a.j.t.JMeterThread: Thread is done: Thread Group 1-2
2023-06-28 17:14:03,080 INFO o.a.j.t.JMeterThread: Thread finished: Thread Group 1-2
2023-06-28 17:14:03,133 INFO o.a.j.t.JMeterThread: Thread started: Thread Group 1-4
2023-06-28 17:14:03,201 INFO o.a.j.t.JMeterThread: Thread started: Thread Group 1-5
2023-06-28 17:14:03,268 INFO o.a.j.t.JMeterThread: Thread started: Thread Group 1-6
2023-06-28 17:14:03,334 INFO o.a.j.t.JMeterThread: Thread started: Thread Group 1-7
2023-06-28 17:14:03,391 INFO o.a.j.t.JMeterThread: Thread started: Thread Group 1-8
2023-06-28 17:14:03,459 INFO o.a.j.t.JMeterThread: Thread started: Thread Group 1-9
2023-06-28 17:14:03,525 INFO o.a.j.t.JMeterThread: Thread started: Thread Group 1-10
2023-06-28 17:14:03,592 INFO o.a.j.t.JMeterThread: Thread started: Thread Group 1-11
2023-06-28 17:14:03,660 INFO o.a.j.t.JMeterThread: Thread started: Thread Group 1-12
2023-06-28 17:14:03,728 INFO o.a.j.t.JMeterThread: Thread started: Thread Group 1-13
2023-06-28 17:14:03,791 INFO o.a.j.t.JMeterThread: Thread started: Thread Group 1-14
2023-06-28 17:14:03,859 INFO o.a.j.t.JMeterThread: Thread started: Thread Group 1-15
2023-06-28 17:14:05,077 INFO o.a.j.t.JMeterThread: Thread is done: Thread Group 1-3
2023-06-28 17:14:05,077 INFO o.a.j.t.JMeterThread: Thread finished: Thread Group 1-3
2023-06-28 17:14:05,157 INFO o.a.j.t.JMeterThread: Thread is done: Thread Group 1-4
2023-06-28 17:14:05,157 INFO o.a.j.t.JMeterThread: Thread finished: Thread Group 1-4
2023-06-28 17:14:05,218 INFO o.a.j.t.JMeterThread: Thread is done: Thread Group 1-5
2023-06-28 17:14:05,218 INFO o.a.j.t.JMeterThread: Thread finished: Thread Group 1-5
2023-06-28 17:14:05,287 INFO o.a.j.t.JMeterThread: Thread is done: Thread Group 1-6
2023-06-28 17:14:05,287 INFO o.a.j.t.JMeterThread: Thread finished: Thread Group 1-6
2023-06-28 17:14:05,366 INFO o.a.j.t.JMeterThread: Thread is done: Thread Group 1-7
2023-06-28 17:14:05,366 INFO o.a.j.t.JMeterThread: Thread finished: Thread Group 1-7
2023-06-28 17:14:05,416 INFO o.a.j.t.JMeterThread: Thread is done: Thread Group 1-8
2023-06-28 17:14:05,416 INFO o.a.j.t.JMeterThread: Thread finished: Thread Group 1-8
2023-06-28 17:14:05,477 INFO o.a.j.t.JMeterThread: Thread is done: Thread Group 1-9
2023-06-28 17:14:05,477 INFO o.a.j.t.JMeterThread: Thread finished: Thread Group 1-9
2023-06-28 17:14:05,537 INFO o.a.j.t.JMeterThread: Thread is done: Thread Group 1-10
2023-06-28 17:14:05,537 INFO o.a.j.t.JMeterThread: Thread finished: Thread Group 1-10
2023-06-28 17:14:05,606 INFO o.a.j.t.JMeterThread: Thread is done: Thread Group 1-11
2023-06-28 17:14:05,606 INFO o.a.j.t.JMeterThread: Thread finished: Thread Group 1-11
2023-06-28 17:14:05,682 INFO o.a.j.t.JMeterThread: Thread is done: Thread Group 1-12
2023-06-28 17:14:05,682 INFO o.a.j.t.JMeterThread: Thread finished: Thread Group 1-12
2023-06-28 17:14:05,748 INFO o.a.j.t.JMeterThread: Thread is done: Thread Group 1-13
2023-06-28 17:14:05,752 INFO o.a.j.t.JMeterThread: Thread finished: Thread Group 1-13
2023-06-28 17:14:05,824 INFO o.a.j.t.JMeterThread: Thread is done: Thread Group 1-14
2023-06-28 17:14:05,824 INFO o.a.j.t.JMeterThread: Thread finished: Thread Group 1-14
2023-06-28 17:14:05,886 INFO o.a.j.t.JMeterThread: Thread is done: Thread Group 1-15
2023-06-28 17:14:05,886 INFO o.a.j.t.JMeterThread: Thread finished: Thread Group 1-15
2023-06-28 17:14:05,886 INFO o.a.j.e.StandardJMeterEngine: Notifying test listeners of end of test
2023-06-28 17:14:05,886 INFO o.a.j.g.u.JMeterMenuBar: setRunning(false, *local*)
